c:\users\nikola\source\repos\spa obrana\spa obrana\debug\vc143.pdb
c:\users\nikola\source\repos\spa obrana\spa obrana\debug\vc143.idb
c:\users\nikola\source\repos\spa obrana\spa obrana\debug\main.obj
c:\users\nikola\source\repos\spa obrana\spa obrana\debug\longnumber.obj
c:\users\nikola\source\repos\spa obrana\debug\spa obrana.exe
c:\users\nikola\source\repos\spa obrana\spa obrana\debug\spa obrana.ilk
c:\users\nikola\source\repos\spa obrana\debug\spa obrana.pdb
c:\users\apath\onedrive\radna površina\spa obrana\spa obrana\debug\longnumber.obj
c:\users\apath\onedrive\radna površina\spa obrana\spa obrana\debug\main.obj
c:\users\apath\onedrive\radna površina\spa obrana\spa obrana\debug\spa obrana.ilk
c:\users\apath\onedrive\radna površina\spa obrana\spa obrana\debug\vc142.idb
c:\users\apath\onedrive\radna površina\spa obrana\spa obrana\debug\vc143.idb
c:\users\apath\onedrive\radna površina\spa obrana\spa obrana\debug\vc142.pdb
c:\users\apath\onedrive\radna površina\spa obrana\spa obrana\debug\vc143.pdb
c:\users\apath\onedrive\radna površina\spa obrana\debug\spa obrana.pdb
c:\users\apath\onedrive\radna površina\spa obrana\debug\spa obrana.exe
c:\users\apath\onedrive\radna površina\spa obrana\spa obrana\debug\spa obrana.tlog\cl.command.1.tlog
c:\users\apath\onedrive\radna površina\spa obrana\spa obrana\debug\spa obrana.tlog\cl.read.1.tlog
c:\users\apath\onedrive\radna površina\spa obrana\spa obrana\debug\spa obrana.tlog\cl.write.1.tlog
c:\users\apath\onedrive\radna površina\spa obrana\spa obrana\debug\spa obrana.tlog\link.command.1.tlog
c:\users\apath\onedrive\radna površina\spa obrana\spa obrana\debug\spa obrana.tlog\link.read.1.tlog
c:\users\apath\onedrive\radna površina\spa obrana\spa obrana\debug\spa obrana.tlog\link.write.1.tlog
